<?xml version="1.0" encoding="UTF-8"?>
<!-- Generated by org.testng.reporters.JUnitXMLReporter -->
<testsuite ignored="6" hostname="zahraa-mahmoud" failures="0" tests="5" name="myfirstframework" time="19.402" errors="0" timestamp="2023-02-01T15:31:13 EET">
  <testcase classname="tests.gusetcheckouttest" name="usersearchforproduct" time="5.208"/>
  <testcase classname="tests.gusetcheckouttest" name="usercanaddproducttocart" time="1.414"/>
  <testcase classname="tests.gusetcheckouttest" name="usercancheckoutasguest" time="7.326"/>
  <testcase classname="tests.addtocarttest" name="usersearchforproduct" time="4.001"/>
  <testcase classname="tests.addtocarttest" name="usercanaddproducttocart" time="1.386"/>
  <testcase classname="tests.addtocarttest" name="removeitemsfromcart" time="0.0">
    <ignored/>
  </testcase> <!-- removeitemsfromcart -->
  <testcase classname="tests.addtocarttest" name="removeitemsfromcart" time="0.0">
    <ignored/>
  </testcase> <!-- removeitemsfromcart -->
  <testcase classname="tests.addtocarttest" name="usercnchangequantity" time="0.0">
    <ignored/>
  </testcase> <!-- usercnchangequantity -->
  <testcase classname="tests.addtocarttest" name="usercnchangequantity" time="0.0">
    <ignored/>
  </testcase> <!-- usercnchangequantity -->
  <testcase classname="tests.testbase" name="@BeforeSuite startdriver" time="0.0">
    <ignored/>
  </testcase> <!-- @BeforeSuite startdriver -->
  <testcase classname="tests.testbase" name="@AfterSuite stopdriver" time="0.0">
    <ignored/>
  </testcase> <!-- @AfterSuite stopdriver -->
</testsuite> <!-- myfirstframework -->
